********************************************************************************
DUPLICATOR-LITE PACKAGE-LOG: 8 de September de 2022 11:57
NOTICE: Do NOT post to public sites or forums 
********************************************************************************
VERSION:	1.5.0
WORDPRESS:	6.0.2
PHP INFO:	8.1.6 | SAPI: apache2handler
SERVER:		Apache/2.4.53 (Win64) OpenSSL/1.1.1n PHP/8.1.6 
PHP TIME LIMIT: (0) no time limit imposed 
PHP MAX MEMORY: 4294967296 (512M default) 
MEMORY STACK: 56MB

********************************************************************************
DATABASE:
********************************************************************************
BUILD MODE:   MYSQLDUMP
MYSQLTIMEOUT: 5000
MYSQLDUMP:    Is Supported
SQL CREATED: 20220908_aluraviagens_f0dda8adc9ae12ad3174_20220908115646_database.sql
SQL FILE SIZE: 4.32MB (4532640)
SQL FILE TIME: 2022-09-08 11:57:22
SQL RUNTIME: 12.88 sec.

********************************************************************************
ARCHIVE (ZIP):
********************************************************************************
ARCHIVE DIR:  C:/xampp/htdocs/alura-viagens
ARCHIVE FILE: 20220908_aluraviagens_f0dda8adc9ae12ad3174_20220908115646_archive.zip
FILTERS: *OFF*
DIRS:
	not set
FILES:
	not set
EXTS:  not set
----------------------------------------
COMPRESSING
SIZE:	166.8MB
STATS:	Dirs 1,474 | Files 6,785
SQL ADDED: 20220908_aluraviagens_f0dda8adc9ae12ad3174_20220908115646_database.sql
ZipArchive Object
(
    [lastId] => 8258
    [status] => 0
    [statusSys] => 0
    [numFiles] => 8259
    [filename] => C:\xampp\htdocs\alura-viagens\wp-content\backups-dup-lite\tmp\20220908_aluraviagens_f0dda8adc9ae12ad3174_20220908115646_archive.zip
    [comment] => 
)

FILE ADDED TO ZIP: 8258
COMPRESSION RESULT: '1'
COMPRESSED SIZE: 70.56MB
ARCHIVE RUNTIME: 48.51 sec.
MEMORY STACK: 58MB
building installer
ARCHIVE CONSISTENCY TEST: PASS

********************************************************************************
INTEGRITY CHECKS:
********************************************************************************
SQL FILE: 4.32MB
INSTALLER FILE: 73.36KB
ARCHIVE FILE: 72.44MB 
EXPECTED FILE/DIRECTORY COUNT: 8,259
ACTUAL FILE/DIRECTORY COUNT: 8,258
ARCHIVE CONSISTENCY TEST: Pass

********************************************************************************
RECORD ID:[1]
TOTAL PROCESS RUNTIME: 63.03 sec.
PEAK PHP MEMORY USED: 60MB
DONE PROCESSING => 20220908_aluraviagens 8 de September de 2022 11:58

